<?xml version="1.0" encoding="UTF-8"?>
<!-- Generated by org.testng.reporters.JUnitReportReporter -->
<testsuite hostname="LMCTag028" failures="0" tests="1" name="com.Script1.TestClass" time="0.023" errors="0" timestamp="2022-12-21T11:49:51 IST" skipped="0">
  <testcase classname="com.Script1.TestClass" name="testcase1" time="0.023"/>
  <system-out/>
</testsuite> <!-- com.Script1.TestClass -->
