<?xml version="1.0" encoding="UTF-8"?>
<!-- Generated by org.testng.reporters.JUnitReportReporter -->
<testsuite hostname="LMCTag028" failures="0" tests="3" name="testScripts.SampleTest" time="11.280" errors="0" timestamp="2022-12-22T11:56:37 IST" skipped="0">
  <testcase classname="testScripts.SampleTest" name="testCase1" time="2.905"/>
  <system-out/>
  <testcase classname="testScripts.SampleTest" name="testCase2" time="5.379"/>
  <system-out/>
  <testcase classname="testScripts.SampleTest" name="testCase3" time="2.996"/>
  <system-out/>
</testsuite> <!-- testScripts.SampleTest -->
