<?xml version="1.0" encoding="UTF-8"?>
<!-- Generated by org.testng.reporters.JUnitReportReporter -->
<testsuite hostname="LMCTag028" failures="0" tests="2" name="com.Mystore.testscripts.IndexPageTest" time="23.501" errors="0" timestamp="2022-10-27T15:11:00 IST" skipped="0">
  <testcase classname="com.Mystore.testscripts.IndexPageTest" name="verifyLogo" time="8.156"/>
  <system-out/>
  <testcase classname="com.Mystore.testscripts.IndexPageTest" name="verifyTitle" time="15.345"/>
  <system-out/>
</testsuite> <!-- com.Mystore.testscripts.IndexPageTest -->
