<?xml version="1.0" encoding="UTF-8"?>
<!-- Generated by org.testng.reporters.JUnitReportReporter -->
<testsuite hostname="LMCTag028" failures="0" tests="1" name="com.Mystore.base.BaseClass" time="19.890" errors="0" timestamp="2022-10-27T15:10:00 IST" skipped="0">
  <testcase classname="com.Mystore.base.BaseClass" name="launchApp" time="19.890"/>
  <system-out/>
</testsuite> <!-- com.Mystore.base.BaseClass -->
