<?xml version="1.0" encoding="UTF-8"?>
<!-- Generated by org.testng.reporters.JUnitReportReporter -->
<testsuite hostname="LMCTag028" failures="0" tests="1" name="com.Base.LaunchApp" time="6.510" errors="0" timestamp="2023-05-01T15:08:47 IST" skipped="0">
  <testcase classname="com.Base.LaunchApp" name="lapp" time="6.510"/>
  <system-out/>
</testsuite> <!-- com.Base.LaunchApp -->
