<?xml version="1.0" encoding="UTF-8"?>
<!-- Generated by org.testng.reporters.JUnitReportReporter -->
<testsuite hostname="LMCTag028" failures="0" tests="1" name="com.popups.JavaScriptPopup" time="26.081" errors="0" timestamp="2023-05-02T11:47:50 IST" skipped="0">
  <testcase classname="com.popups.JavaScriptPopup" name="js" time="26.081"/>
  <system-out/>
</testsuite> <!-- com.popups.JavaScriptPopup -->
