<?xml version="1.0" encoding="UTF-8"?>
<!-- Generated by org.testng.reporters.JUnitReportReporter -->
<testsuite hostname="LMCTag028" failures="0" tests="1" name="com.TestNGGroups.TestCase1" time="0.030" errors="0" timestamp="2023-04-24T14:31:28 IST" skipped="0">
  <testcase classname="com.TestNGGroups.TestCase1" name="loginTest" time="0.030"/>
  <system-out/>
</testsuite> <!-- com.TestNGGroups.TestCase1 -->
