<?xml version="1.0" encoding="UTF-8"?>
<!-- Generated by org.testng.reporters.JUnitReportReporter -->
<testsuite hostname="LMCTag028" failures="0" tests="1" name="com.TestNGGroups.TestCase2" time="0.002" errors="0" timestamp="2023-04-24T10:56:41 IST" skipped="0">
  <testcase classname="com.TestNGGroups.TestCase2" name="composeMail" time="0.002"/>
  <system-out/>
</testsuite> <!-- com.TestNGGroups.TestCase2 -->
