<?xml version="1.0" encoding="UTF-8"?>
<!-- Generated by org.testng.reporters.JUnitReportReporter -->
<testsuite hostname="LMCTag028" failures="0" tests="1" name="com.Frame.Frames" time="12.676" errors="0" timestamp="2023-05-02T12:13:14 IST" skipped="0">
  <testcase classname="com.Frame.Frames" name="fm" time="12.676"/>
  <system-out/>
</testsuite> <!-- com.Frame.Frames -->
