<?xml version="1.0" encoding="UTF-8"?>
<!-- Generated by org.testng.reporters.JUnitReportReporter -->
<testsuite hostname="LMCTag028" failures="0" tests="1" name="com.selenium.DynamicXpath" time="9.401" errors="0" timestamp="2023-04-20T05:18:53 IST" skipped="0">
  <testcase classname="com.selenium.DynamicXpath" name="google" time="9.401"/>
  <system-out/>
</testsuite> <!-- com.selenium.DynamicXpath -->
