<?xml version="1.0" encoding="UTF-8"?>
<!-- Generated by org.testng.reporters.JUnitReportReporter -->
<testsuite hostname="LMCTag028" failures="0" tests="2" name="com.testNG.DDFrameWorkBYTestNG" time="0.010" errors="0" timestamp="2023-04-24T10:32:40 IST" skipped="0">
  <testcase classname="com.testNG.DDFrameWorkBYTestNG" name="loginTest" time="0.007"/>
  <system-out/>
  <testcase classname="com.testNG.DDFrameWorkBYTestNG" name="loginTest" time="0.003"/>
  <system-out/>
</testsuite> <!-- com.testNG.DDFrameWorkBYTestNG -->
