<?xml version="1.0" encoding="UTF-8"?>
<!-- Generated by org.testng.reporters.JUnitReportReporter -->
<testsuite hostname="LMCTag028" failures="0" tests="1" name="com.call.GoogleApp" time="6.652" errors="0" timestamp="2023-05-03T10:16:19 IST" skipped="0">
  <testcase classname="com.call.GoogleApp" name="type" time="6.652"/>
  <system-out/>
</testsuite> <!-- com.call.GoogleApp -->
