<?xml version="1.0" encoding="UTF-8"?>
<!-- Generated by org.testng.reporters.JUnitReportReporter -->
<testsuite hostname="LMCTag028" failures="0" tests="1" name="com.testNG.Parameterisation" time="0.011" errors="0" timestamp="2023-04-24T10:20:55 IST" skipped="0">
  <testcase classname="com.testNG.Parameterisation" name="parameters" time="0.011"/>
  <system-out/>
</testsuite> <!-- com.testNG.Parameterisation -->
