<?xml version="1.0" encoding="UTF-8"?>
<!-- Generated by org.testng.reporters.JUnitReportReporter -->
<testsuite hostname="LMCTag028" failures="0" tests="2" name="com.Script1.TestClass" time="0.003" errors="0" timestamp="2022-12-21T17:19:08 IST" skipped="0">
  <testcase classname="com.Script1.TestClass" name="testcase2" time="0.001"/>
  <system-out/>
  <testcase classname="com.Script1.TestClass" name="testcase1" time="0.002"/>
  <system-out/>
</testsuite> <!-- com.Script1.TestClass -->
